<?xml version="1.0" encoding="UTF-8"?>
<!-- Generated by org.testng.reporters.JUnitXMLReporter -->
<testsuite ignored="7" hostname="LAPTOP-8QDITK34" failures="0" tests="3" name="Test" time="69.586" errors="0" timestamp="2022-07-06T16:05:48 IST">
  <testcase classname="com.crm.proxima.Sample.CreateProductTest" name="createAndEditProductTest" time="15.159"/>
  <testcase classname="com.crm.proxima.Sample.SampleCreateOrganizationTest" name="createAndEditOrganizationTest" time="15.296"/>
  <testcase classname="com.crm.proxima.Sample.SampleCreateContactTest" name="createContactAndDeleteTest" time="14.285"/>
  <testcase classname="com.crm.proximus.genericUtility.BaseClass" name="@AfterSuite closeConnectionToDatabase" time="0.0">
    <ignored/>
  </testcase> <!-- @AfterSuite closeConnectionToDatabase -->
  <testcase classname="com.crm.proximus.genericUtility.BaseClass" name="@AfterSuite closeConnectionToDatabase" time="0.0">
    <ignored/>
  </testcase> <!-- @AfterSuite closeConnectionToDatabase -->
  <testcase classname="com.crm.proxima.Sample.CreateProductTest" name="createProductTest" time="0.0">
    <ignored/>
  </testcase> <!-- createProductTest -->
  <testcase classname="com.crm.proxima.Sample.SampleCreateContactTest" name="createContactTest" time="0.0">
    <ignored/>
  </testcase> <!-- createContactTest -->
  <testcase classname="com.crm.proxima.Sample.SampleCreateOrganizationTest" name="createOrganizationTest" time="0.0">
    <ignored/>
  </testcase> <!-- createOrganizationTest -->
  <testcase classname="com.crm.proximus.genericUtility.BaseClass" name="@BeforeSuite connectToDatabase" time="0.0">
    <ignored/>
  </testcase> <!-- @BeforeSuite connectToDatabase -->
  <testcase classname="com.crm.proximus.genericUtility.BaseClass" name="@BeforeSuite connectToDatabase" time="0.0">
    <ignored/>
  </testcase> <!-- @BeforeSuite connectToDatabase -->
</testsuite> <!-- Test -->
