<?xml version="1.0" encoding="UTF-8"?>
<!-- Generated by org.testng.reporters.JUnitXMLReporter -->
<testsuite ignored="0" hostname="LAPTOP-8QDITK34" failures="0" tests="2" name="TestRunner1" time="58.302" errors="0" timestamp="2022-07-07T15:54:43 IST">
  <testcase classname="com.crm.proxima.Sample.CreateProductTest" name="createAndEditProductTest" time="20.464"/>
  <testcase classname="com.crm.proxima.Sample.CreateProductTest" name="createProductTest" time="13.288"/>
</testsuite> <!-- TestRunner1 -->
