<?xml version="1.0" encoding="UTF-8"?>
<!-- Generated by org.testng.reporters.JUnitXMLReporter -->
<testsuite ignored="3" hostname="LAPTOP-8QDITK34" failures="0" tests="3" name="Test" time="54.557" errors="0" timestamp="2022-07-06T17:45:29 IST">
  <testcase classname="com.crm.proxima.Sample.CreateProductTest" name="createProductTest" time="10.126"/>
  <testcase classname="com.crm.proxima.Sample.SampleCreateContactTest" name="createContactAndDeleteTest" time="14.142"/>
  <testcase classname="com.crm.proxima.Sample.SampleCreateContactTest" name="createContactTest" time="9.883"/>
  <testcase classname="com.crm.proximus.genericUtility.BaseClass" name="@AfterSuite closeConnectionToDatabase" time="0.0">
    <ignored/>
  </testcase> <!-- @AfterSuite closeConnectionToDatabase -->
  <testcase classname="com.crm.proxima.Sample.CreateProductTest" name="createAndEditProductTest" time="0.0">
    <ignored/>
  </testcase> <!-- createAndEditProductTest -->
  <testcase classname="com.crm.proximus.genericUtility.BaseClass" name="@BeforeSuite connectToDatabase" time="0.0">
    <ignored/>
  </testcase> <!-- @BeforeSuite connectToDatabase -->
</testsuite> <!-- Test -->
