<?xml version="1.0" encoding="UTF-8"?>
<!-- Generated by org.testng.reporters.JUnitXMLReporter -->
<testsuite ignored="3" hostname="LAPTOP-8QDITK34" failures="0" tests="3" name="Test" time="101.964" errors="0" timestamp="2022-07-07T10:17:59 IST">
  <testcase classname="com.crm.proxima.Sample.CreateProductTest" name="createAndEditProductTest" time="22.101"/>
  <testcase classname="com.crm.proxima.Sample.SampleCreateOrganizationTest" name="createAndEditOrganizationTest" time="24.303"/>
  <testcase classname="com.crm.proxima.Sample.SampleCreateContactTest" name="createContactAndDeleteTest" time="20.61"/>
  <testcase classname="com.crm.proxima.Sample.CreateProductTest" name="createProductTest" time="0.0">
    <ignored/>
  </testcase> <!-- createProductTest -->
  <testcase classname="com.crm.proxima.Sample.SampleCreateContactTest" name="createContactTest" time="0.0">
    <ignored/>
  </testcase> <!-- createContactTest -->
  <testcase classname="com.crm.proxima.Sample.SampleCreateOrganizationTest" name="createOrganizationTest" time="0.0">
    <ignored/>
  </testcase> <!-- createOrganizationTest -->
</testsuite> <!-- Test -->
