<?xml version="1.0" encoding="UTF-8"?>
<!-- Generated by org.testng.reporters.JUnitXMLReporter -->
<testsuite ignored="7" hostname="LAPTOP-8QDITK34" failures="0" tests="3" name="Test" time="56.993" errors="0" timestamp="2022-07-06T15:53:36 IST">
  <testcase classname="com.crm.proxima.Sample.CreateProductTest" name="createProductTest" time="10.517"/>
  <testcase classname="com.crm.proxima.Sample.SampleCreateOrganizationTest" name="createOrganizationTest" time="10.193"/>
  <testcase classname="com.crm.proxima.Sample.SampleCreateContactTest" name="createContactTest" time="10.109"/>
  <testcase classname="com.crm.proxima.Sample.SampleCreateOrganizationTest" name="createAndEditOrganizationTest" time="0.0">
    <ignored/>
  </testcase> <!-- createAndEditOrganizationTest -->
  <testcase classname="com.crm.proximus.genericUtility.BaseClass" name="@AfterSuite closeConnectionToDatabase" time="0.0">
    <ignored/>
  </testcase> <!-- @AfterSuite closeConnectionToDatabase -->
  <testcase classname="com.crm.proximus.genericUtility.BaseClass" name="@AfterSuite closeConnectionToDatabase" time="0.0">
    <ignored/>
  </testcase> <!-- @AfterSuite closeConnectionToDatabase -->
  <testcase classname="com.crm.proxima.Sample.CreateProductTest" name="createAndEditProductTest" time="0.0">
    <ignored/>
  </testcase> <!-- createAndEditProductTest -->
  <testcase classname="com.crm.proxima.Sample.SampleCreateContactTest" name="createContactAndDeleteTest" time="0.0">
    <ignored/>
  </testcase> <!-- createContactAndDeleteTest -->
  <testcase classname="com.crm.proximus.genericUtility.BaseClass" name="@BeforeSuite connectToDatabase" time="0.0">
    <ignored/>
  </testcase> <!-- @BeforeSuite connectToDatabase -->
  <testcase classname="com.crm.proximus.genericUtility.BaseClass" name="@BeforeSuite connectToDatabase" time="0.0">
    <ignored/>
  </testcase> <!-- @BeforeSuite connectToDatabase -->
</testsuite> <!-- Test -->
